2025-04-22 12:48:45,758:INFO:__main__:<module>:--------------------------Starting Program----------------------------
2025-04-22 12:48:45,760:INFO:__main__:<module>:Starting TUI
2025-04-22 12:48:45,934:INFO:tui.tui:__init__:RFM95 Constructed
2025-04-22 12:48:45,935:INFO:tui.tui:run:Starting TUI
2025-04-22 12:48:49,397:DEBUG:rfm95api.rfm95:send:Sent packet with headers: (0, 0, 64, 1)
2025-04-22 12:48:49,399:DEBUG:rfm95api.rfm95:send:And Payload bytearray(b'\x00\x00@\x01\x05')
2025-04-22 12:48:49,399:DEBUG:tui.tui:do_open:Verification: 5:b'\x05':1:5
2025-04-22 12:48:49,400:DEBUG:tui.tui:do_open:Payload Verification: 5:b'\x05':1:5
2025-04-22 12:48:49,401:DEBUG:tui.tui:do_open:Sent Headers: 0 0 64 1: b'\x05'
2025-04-22 12:48:49,401:INFO:tui.tui:do_open:Opening vent for 5 seconds
2025-04-22 12:48:54,412:DEBUG:tui.tui:do_open:No Ack recieved. Verify gps data before resending
2025-04-22 12:50:16,932:DEBUG:rfm95api.rfm95:send:Sent packet with headers: (1, 0, 64, 1)
2025-04-22 12:50:16,933:DEBUG:rfm95api.rfm95:send:And Payload bytearray(b'\x01\x00@\x01\x05')
2025-04-22 12:50:16,933:DEBUG:tui.tui:do_open:Verification: 5:b'\x05':1:5
2025-04-22 12:50:16,934:DEBUG:tui.tui:do_open:Payload Verification: 5:b'\x05':1:5
2025-04-22 12:50:16,934:DEBUG:tui.tui:do_open:Sent Headers: 1 0 64 1: b'\x05'
2025-04-22 12:50:16,935:INFO:tui.tui:do_open:Opening vent for 5 seconds
2025-04-22 12:50:21,946:DEBUG:tui.tui:do_open:No Ack recieved. Verify gps data before resending
2025-04-22 12:50:32,218:DEBUG:rfm95api.rfm95:send:No data to send, sending header solo
2025-04-22 12:50:33,054:DEBUG:rfm95api.rfm95:send:Sent packet with headers: (2, 0, 1, 0)
2025-04-22 12:50:33,055:DEBUG:rfm95api.rfm95:send:And Payload bytearray(b'\x02\x00\x01\x00')
2025-04-22 12:50:33,056:DEBUG:tui.tui:do_idle:Sent Headers: 2 0 64 0
2025-04-22 12:50:38,067:INFO:tui.tui:do_idle:No Ack recieved
2025-04-22 12:50:54,549:DEBUG:rfm95api.rfm95:send:No data to send, sending header solo
2025-04-22 12:50:55,386:DEBUG:rfm95api.rfm95:send:Sent packet with headers: (3, 0, 1, 0)
2025-04-22 12:50:55,387:DEBUG:rfm95api.rfm95:send:And Payload bytearray(b'\x03\x00\x01\x00')
2025-04-22 12:50:55,388:DEBUG:tui.tui:do_idle:Sent Headers: 3 0 64 0
2025-04-22 12:51:00,399:INFO:tui.tui:do_idle:No Ack recieved
2025-04-22 12:51:24,386:DEBUG:rfm95api.rfm95:send:No data to send, sending header solo
2025-04-22 12:51:25,222:DEBUG:rfm95api.rfm95:send:Sent packet with headers: (4, 0, 1, 0)
2025-04-22 12:51:25,223:DEBUG:rfm95api.rfm95:send:And Payload bytearray(b'\x04\x00\x01\x00')
2025-04-22 12:51:25,223:DEBUG:tui.tui:do_idle:Sent Headers: 4 0 64 0
2025-04-22 12:51:30,234:INFO:tui.tui:do_idle:No Ack recieved
2025-04-22 12:52:39,213:DEBUG:rfm95api.rfm95:send:No data to send, sending header solo
2025-04-22 12:52:40,048:DEBUG:rfm95api.rfm95:send:Sent packet with headers: (5, 0, 1, 0)
2025-04-22 12:52:40,049:DEBUG:rfm95api.rfm95:send:And Payload bytearray(b'\x05\x00\x01\x00')
2025-04-22 12:52:40,050:DEBUG:tui.tui:do_idle:Sent Headers: 5 0 64 0
2025-04-22 12:52:45,061:INFO:tui.tui:do_idle:No Ack recieved
2025-04-22 12:53:20,453:DEBUG:rfm95api.rfm95:send:No data to send, sending header solo
2025-04-22 12:53:21,288:DEBUG:rfm95api.rfm95:send:Sent packet with headers: (6, 0, 1, 0)
2025-04-22 12:53:21,289:DEBUG:rfm95api.rfm95:send:And Payload bytearray(b'\x06\x00\x01\x00')
2025-04-22 12:53:21,290:DEBUG:tui.tui:do_idle:Sent Headers: 6 0 64 0
2025-04-22 12:53:26,301:INFO:tui.tui:do_idle:No Ack recieved
2025-04-22 12:54:05,738:DEBUG:rfm95api.rfm95:send:No data to send, sending header solo
2025-04-22 12:54:06,573:DEBUG:rfm95api.rfm95:send:Sent packet with headers: (7, 0, 1, 0)
2025-04-22 12:54:06,576:DEBUG:rfm95api.rfm95:send:And Payload bytearray(b'\x07\x00\x01\x00')
2025-04-22 12:54:06,578:DEBUG:tui.tui:do_idle:Sent Headers: 7 0 64 0
2025-04-22 12:54:11,590:INFO:tui.tui:do_idle:No Ack recieved
2025-04-22 12:54:34,344:DEBUG:rfm95api.rfm95:send:No data to send, sending header solo
2025-04-22 12:54:35,180:DEBUG:rfm95api.rfm95:send:Sent packet with headers: (8, 0, 1, 0)
2025-04-22 12:54:35,181:DEBUG:rfm95api.rfm95:send:And Payload bytearray(b'\x08\x00\x01\x00')
2025-04-22 12:54:35,182:DEBUG:tui.tui:do_idle:Sent Headers: 8 0 64 0
2025-04-22 12:54:36,073:DEBUG:rfm95api.rfm95:receive:Received packet bytearray(b'\x00\t\x01\x00')
2025-04-22 12:54:36,074:DEBUG:rfm95api.rfm95:receive:With headers (0, 9, 1, 0, None)
2025-04-22 12:54:36,074:DEBUG:tui.tui:do_idle:Recieved Headers: 0 9 1 0 None
2025-04-22 12:54:36,075:DEBUG:tui.tui:do_idle:	Signal Strength: -76
2025-04-22 12:54:36,075:DEBUG:tui.tui:do_idle:	SNR: 5.75
2025-04-22 12:54:39,663:DEBUG:rfm95api.rfm95:send:No data to send, sending header solo
2025-04-22 12:54:40,499:DEBUG:rfm95api.rfm95:send:Sent packet with headers: (9, 0, 1, 0)
2025-04-22 12:54:40,503:DEBUG:rfm95api.rfm95:send:And Payload bytearray(b'\t\x00\x01\x00')
2025-04-22 12:54:40,505:DEBUG:tui.tui:do_idle:Sent Headers: 9 0 64 0
2025-04-22 12:54:41,390:DEBUG:rfm95api.rfm95:receive:Received packet bytearray(b'\x01\n\x01\x00')
2025-04-22 12:54:41,394:DEBUG:rfm95api.rfm95:receive:With headers (1, 10, 1, 0, None)
2025-04-22 12:54:41,396:DEBUG:tui.tui:do_idle:Recieved Headers: 1 10 1 0 None
2025-04-22 12:54:41,398:DEBUG:tui.tui:do_idle:	Signal Strength: -78
2025-04-22 12:54:41,400:DEBUG:tui.tui:do_idle:	SNR: 5.5
2025-04-22 12:54:44,693:DEBUG:rfm95api.rfm95:send:No data to send, sending header solo
2025-04-22 12:54:45,531:DEBUG:rfm95api.rfm95:send:Sent packet with headers: (10, 0, 1, 0)
2025-04-22 12:54:45,534:DEBUG:rfm95api.rfm95:send:And Payload bytearray(b'\n\x00\x01\x00')
2025-04-22 12:54:45,537:DEBUG:tui.tui:do_idle:Sent Headers: 10 0 64 0
2025-04-22 12:54:46,423:DEBUG:rfm95api.rfm95:receive:Received packet bytearray(b'\x02\x0b\x01\x00')
2025-04-22 12:54:46,426:DEBUG:rfm95api.rfm95:receive:With headers (2, 11, 1, 0, None)
2025-04-22 12:54:46,428:DEBUG:tui.tui:do_idle:Recieved Headers: 2 11 1 0 None
2025-04-22 12:54:46,430:DEBUG:tui.tui:do_idle:	Signal Strength: -83
2025-04-22 12:54:46,431:DEBUG:tui.tui:do_idle:	SNR: 4.5
2025-04-22 12:54:54,568:DEBUG:rfm95api.rfm95:send:Sent packet with headers: (11, 0, 64, 1)
2025-04-22 12:54:54,570:DEBUG:rfm95api.rfm95:send:And Payload bytearray(b'\x0b\x00@\x01\x06')
2025-04-22 12:54:54,571:DEBUG:tui.tui:do_open:Verification: 6:b'\x06':1:6
2025-04-22 12:54:54,572:DEBUG:tui.tui:do_open:Payload Verification: 6:b'\x06':1:6
2025-04-22 12:54:54,572:DEBUG:tui.tui:do_open:Sent Headers: 11 0 64 1: b'\x06'
2025-04-22 12:54:54,573:INFO:tui.tui:do_open:Opening vent for 6 seconds
2025-04-22 12:54:55,460:DEBUG:rfm95api.rfm95:receive:Received packet bytearray(b'\x03\x0c@\x00')
2025-04-22 12:54:55,461:DEBUG:rfm95api.rfm95:receive:With headers (3, 12, 64, 0, None)
2025-04-22 12:54:55,462:DEBUG:tui.tui:do_open:Recieved Headers: 3 12 64 0 None
2025-04-22 12:54:55,462:DEBUG:tui.tui:do_open:	Signal Strength: -81
2025-04-22 12:54:55,463:DEBUG:tui.tui:do_open:	SNR: 5.75
2025-04-22 12:55:23,030:DEBUG:rfm95api.rfm95:send:Sent packet with headers: (12, 0, 64, 1)
2025-04-22 12:55:23,031:DEBUG:rfm95api.rfm95:send:And Payload bytearray(b'\x0c\x00@\x01\x06')
2025-04-22 12:55:23,032:DEBUG:tui.tui:do_open:Verification: 6:b'\x06':1:6
2025-04-22 12:55:23,032:DEBUG:tui.tui:do_open:Payload Verification: 6:b'\x06':1:6
2025-04-22 12:55:23,033:DEBUG:tui.tui:do_open:Sent Headers: 12 0 64 1: b'\x06'
2025-04-22 12:55:23,034:INFO:tui.tui:do_open:Opening vent for 6 seconds
2025-04-22 12:55:23,923:DEBUG:rfm95api.rfm95:receive:Received packet bytearray(b'\x00\r@\x00')
2025-04-22 12:55:23,924:DEBUG:rfm95api.rfm95:receive:With headers (0, 13, 64, 0, None)
2025-04-22 12:55:23,924:DEBUG:tui.tui:do_open:Recieved Headers: 0 13 64 0 None
2025-04-22 12:55:23,925:DEBUG:tui.tui:do_open:	Signal Strength: -75
2025-04-22 12:55:23,925:DEBUG:tui.tui:do_open:	SNR: 5.25
2025-04-22 12:55:32,594:INFO:tui.tui:run:Exiting Ground Station TUI
